2023-02-08 04:37:00,298 ERROR __main__ No module named 'user'
2023-02-08 04:37:00,299 ERROR __main__ No module named 'user'
2023-02-08 04:37:00,300 ERROR __main__ No module named 'user'
2023-02-08 04:37:00,301 ERROR __main__ No module named 'user'
2023-02-08 04:37:00,302 ERROR __main__ No module named 'user'
2023-02-08 04:37:00,303 ERROR __main__ No module named 'user'
2023-02-08 04:37:00,303 ERROR __main__ No module named 'user'
2023-02-08 04:37:00,304 ERROR __main__ No module named 'user'
2023-02-08 04:37:00,305 ERROR __main__ No module named 'user'
2023-02-08 04:37:00,305 ERROR __main__ No module named 'user'
2023-02-08 04:37:00,306 ERROR __main__ No module named 'user'
2023-02-08 04:37:00,306 ERROR __main__ No module named 'user'
2023-02-08 04:37:00,307 ERROR __main__ No module named 'user'
2023-02-08 04:37:00,320 ERROR __main__ No module named 'user'
2023-02-08 04:37:00,324 ERROR __main__ No module named 'user'
2023-02-08 04:37:00,334 ERROR __main__ No module named 'user'
2023-02-08 04:37:00,335 ERROR __main__ No module named 'user'
2023-02-08 04:37:00,337 ERROR __main__ No module named 'user'
2023-02-08 04:37:00,343 ERROR __main__ No module named 'user'
2023-02-08 04:37:00,347 ERROR __main__ No module named 'user'
2023-02-08 04:37:00,348 ERROR __main__ No module named 'user'
2023-02-08 04:37:00,348 ERROR __main__ No module named 'user'
2023-02-08 04:37:00,349 ERROR __main__ No module named 'user'
2023-02-08 04:37:00,353 ERROR __main__ No module named 'user'
2023-02-08 04:37:00,354 ERROR __main__ No module named 'admin'
2023-02-08 04:37:00,354 ERROR __main__ Ran out of input
2023-02-08 04:37:00,355 ERROR __main__ Ran out of input
2023-02-08 04:37:00,355 ERROR __main__ Ran out of input
2023-02-08 04:37:00,356 ERROR __main__ Ran out of input
2023-02-08 04:37:00,356 ERROR __main__ Ran out of input
2023-02-08 04:37:17,871 INFO root User instance created: name=sesdfh, id=UUID('ee7a9578-a74c-11ed-bfdd-a41731ccaf53')
2023-02-08 04:37:26,187 ERROR __main__ No module named 'user'
2023-02-08 04:37:26,188 ERROR __main__ No module named 'user'
2023-02-08 04:37:26,189 ERROR __main__ No module named 'user'
2023-02-08 04:37:26,189 ERROR __main__ No module named 'user'
2023-02-08 04:37:26,190 ERROR __main__ No module named 'user'
2023-02-08 04:37:26,191 ERROR __main__ No module named 'user'
2023-02-08 04:37:26,191 ERROR __main__ No module named 'user'
2023-02-08 04:37:26,192 ERROR __main__ No module named 'user'
2023-02-08 04:37:26,192 ERROR __main__ No module named 'user'
2023-02-08 04:37:26,193 ERROR __main__ No module named 'user'
2023-02-08 04:37:26,193 ERROR __main__ No module named 'user'
2023-02-08 04:37:26,194 ERROR __main__ No module named 'user'
2023-02-08 04:37:26,195 ERROR __main__ No module named 'user'
2023-02-08 04:37:26,195 ERROR __main__ No module named 'user'
2023-02-08 04:37:26,196 ERROR __main__ No module named 'user'
2023-02-08 04:37:26,197 ERROR __main__ No module named 'user'
2023-02-08 04:37:26,198 ERROR __main__ No module named 'user'
2023-02-08 04:37:26,198 ERROR __main__ No module named 'user'
2023-02-08 04:37:26,199 ERROR __main__ No module named 'user'
2023-02-08 04:37:26,199 ERROR __main__ No module named 'user'
2023-02-08 04:37:26,200 ERROR __main__ No module named 'user'
2023-02-08 04:37:26,200 ERROR __main__ No module named 'user'
2023-02-08 04:37:26,201 ERROR __main__ No module named 'user'
2023-02-08 04:37:26,202 ERROR __main__ No module named 'user'
2023-02-08 04:37:26,202 ERROR __main__ No module named 'admin'
2023-02-08 04:37:26,202 ERROR __main__ Ran out of input
2023-02-08 04:37:26,203 ERROR __main__ Ran out of input
2023-02-08 04:37:26,203 ERROR __main__ Ran out of input
2023-02-08 04:37:26,204 ERROR __main__ Ran out of input
2023-02-08 04:37:26,204 ERROR __main__ Ran out of input
2023-02-08 04:37:26,204 ERROR __main__ Ran out of input
2023-02-08 04:37:40,969 ERROR __main__ No module named 'user'
2023-02-08 04:37:40,969 ERROR __main__ No module named 'user'
2023-02-08 04:37:40,969 ERROR __main__ No module named 'user'
2023-02-08 04:37:40,970 ERROR __main__ No module named 'user'
2023-02-08 04:37:40,970 ERROR __main__ No module named 'user'
2023-02-08 04:37:40,970 ERROR __main__ No module named 'user'
2023-02-08 04:37:40,970 ERROR __main__ No module named 'user'
2023-02-08 04:37:40,971 ERROR __main__ No module named 'user'
2023-02-08 04:37:40,971 ERROR __main__ No module named 'user'
2023-02-08 04:37:40,971 ERROR __main__ No module named 'user'
2023-02-08 04:37:40,971 ERROR __main__ No module named 'user'
2023-02-08 04:37:40,971 ERROR __main__ No module named 'user'
2023-02-08 04:37:40,972 ERROR __main__ No module named 'user'
2023-02-08 04:37:40,972 ERROR __main__ No module named 'user'
2023-02-08 04:37:40,972 ERROR __main__ No module named 'user'
2023-02-08 04:37:40,972 ERROR __main__ No module named 'user'
2023-02-08 04:37:40,972 ERROR __main__ No module named 'user'
2023-02-08 04:37:40,973 ERROR __main__ No module named 'user'
2023-02-08 04:37:40,973 ERROR __main__ No module named 'user'
2023-02-08 04:37:40,973 ERROR __main__ No module named 'user'
2023-02-08 04:37:40,973 ERROR __main__ No module named 'user'
2023-02-08 04:37:40,974 ERROR __main__ No module named 'user'
2023-02-08 04:37:40,974 ERROR __main__ No module named 'user'
2023-02-08 04:37:40,974 ERROR __main__ No module named 'user'
2023-02-08 04:37:40,974 ERROR __main__ No module named 'admin'
2023-02-08 04:37:40,974 ERROR __main__ Ran out of input
2023-02-08 04:37:40,975 ERROR __main__ Ran out of input
2023-02-08 04:37:40,975 ERROR __main__ Ran out of input
2023-02-08 04:37:40,975 ERROR __main__ Ran out of input
2023-02-08 04:37:40,975 ERROR __main__ Ran out of input
2023-02-08 04:37:40,975 ERROR __main__ Ran out of input
2023-02-08 04:37:52,672 INFO root User instance created: name=sepehr, id=UUID('0338c098-a74d-11ed-bfdd-a41731ccaf53')
2023-02-08 04:37:57,296 ERROR __main__ No module named 'user'
2023-02-08 04:37:57,297 ERROR __main__ No module named 'user'
2023-02-08 04:37:57,297 ERROR __main__ No module named 'user'
2023-02-08 04:37:57,298 ERROR __main__ No module named 'user'
2023-02-08 04:37:57,299 ERROR __main__ No module named 'user'
2023-02-08 04:37:57,299 ERROR __main__ No module named 'user'
2023-02-08 04:37:57,300 ERROR __main__ No module named 'user'
2023-02-08 04:37:57,300 ERROR __main__ No module named 'user'
2023-02-08 04:37:57,301 ERROR __main__ No module named 'user'
2023-02-08 04:37:57,301 ERROR __main__ No module named 'user'
2023-02-08 04:37:57,302 ERROR __main__ No module named 'user'
2023-02-08 04:37:57,303 ERROR __main__ No module named 'user'
2023-02-08 04:37:57,303 ERROR __main__ No module named 'user'
2023-02-08 04:37:57,304 ERROR __main__ No module named 'user'
2023-02-08 04:37:57,304 ERROR __main__ No module named 'user'
2023-02-08 04:37:57,305 ERROR __main__ No module named 'user'
2023-02-08 04:37:57,305 ERROR __main__ No module named 'user'
2023-02-08 04:37:57,306 ERROR __main__ No module named 'user'
2023-02-08 04:37:57,307 ERROR __main__ No module named 'user'
2023-02-08 04:37:57,307 ERROR __main__ No module named 'user'
2023-02-08 04:37:57,308 ERROR __main__ No module named 'user'
2023-02-08 04:37:57,308 ERROR __main__ No module named 'user'
2023-02-08 04:37:57,309 ERROR __main__ No module named 'user'
2023-02-08 04:37:57,309 ERROR __main__ No module named 'user'
2023-02-08 04:37:57,310 ERROR __main__ No module named 'admin'
2023-02-08 04:37:57,310 ERROR __main__ Ran out of input
2023-02-08 04:37:57,311 ERROR __main__ Ran out of input
2023-02-08 04:37:57,311 ERROR __main__ Ran out of input
2023-02-08 04:37:57,311 ERROR __main__ Ran out of input
2023-02-08 04:37:57,312 ERROR __main__ Ran out of input
2023-02-08 04:37:57,312 ERROR __main__ Ran out of input
2023-02-08 04:37:57,312 ERROR __main__ Ran out of input
2023-02-08 04:41:17,168 ERROR __main__ Insufficient Funds
2023-02-08 04:50:03,221 ERROR __main__ Insufficient Funds main
2023-02-08 04:58:28,170 ERROR __main__ Insufficient Funds main
2023-02-08 05:00:16,245 INFO __main__ sepehr has successfuly logged in main
2023-02-08 05:03:55,880 INFO root User instance created: name=seoehr, id=UUID('a6f76b8c-a750-11ed-a330-a41731ccaf53') human
2023-02-08 05:09:31,648 INFO root User instance created: name=seffjs, id=UUID('6f197132-a751-11ed-9b6c-a41731ccaf53') human
2023-02-08 05:10:03,839 INFO __main__ seffjs has successfuly logged in main
2023-02-08 05:10:52,631 ERROR __main__ Insufficient Funds main
2023-02-08 05:11:29,884 INFO __main__ seffjs has successfuly logged in main
2023-02-08 05:11:34,539 ERROR error_logger Insufficient Funds main
2023-02-08 05:19:14,590 ERROR __main__ User not found! main
2023-02-08 05:19:16,847 ERROR __main__ User not found! main
2023-02-08 05:19:20,379 ERROR __main__ User not found! main
2023-02-08 05:19:26,454 ERROR error_logger No module named 'user' main
2023-02-08 05:19:26,454 ERROR error_logger No module named 'user' main
2023-02-08 05:19:26,454 ERROR error_logger No module named 'user' main
2023-02-08 05:19:26,455 ERROR error_logger No module named 'user' main
2023-02-08 05:19:26,455 ERROR error_logger No module named 'user' main
2023-02-08 05:19:26,455 ERROR error_logger No module named 'user' main
2023-02-08 05:19:26,455 ERROR error_logger No module named 'user' main
2023-02-08 05:19:26,456 ERROR error_logger No module named 'user' main
2023-02-08 05:19:26,456 ERROR error_logger No module named 'user' main
2023-02-08 05:19:26,456 ERROR error_logger No module named 'user' main
2023-02-08 05:19:26,456 ERROR error_logger No module named 'user' main
2023-02-08 05:19:26,457 ERROR error_logger No module named 'user' main
2023-02-08 05:19:26,457 ERROR error_logger No module named 'user' main
2023-02-08 05:19:26,457 ERROR error_logger No module named 'user' main
2023-02-08 05:19:26,457 ERROR error_logger No module named 'user' main
2023-02-08 05:19:26,458 ERROR error_logger No module named 'user' main
2023-02-08 05:19:26,458 ERROR error_logger No module named 'user' main
2023-02-08 05:19:26,458 ERROR error_logger No module named 'user' main
2023-02-08 05:19:26,458 ERROR error_logger No module named 'user' main
2023-02-08 05:19:26,459 ERROR error_logger No module named 'user' main
2023-02-08 05:19:26,459 ERROR error_logger No module named 'user' main
2023-02-08 05:19:26,459 ERROR error_logger No module named 'user' main
2023-02-08 05:19:26,459 ERROR error_logger No module named 'user' main
2023-02-08 05:19:26,460 ERROR error_logger No module named 'user' main
2023-02-08 05:19:26,460 ERROR error_logger No module named 'admin' main
2023-02-08 05:19:26,460 ERROR error_logger Ran out of input main
2023-02-08 05:19:26,460 ERROR error_logger Ran out of input main
2023-02-08 05:19:26,460 ERROR error_logger Ran out of input main
2023-02-08 05:19:26,460 ERROR error_logger Ran out of input main
2023-02-08 05:19:26,461 ERROR error_logger Ran out of input main
2023-02-08 05:19:26,461 ERROR error_logger Ran out of input main
2023-02-08 05:19:26,461 ERROR error_logger Ran out of input main
2023-02-08 05:19:26,461 ERROR error_logger Ran out of input main
2023-02-08 05:19:26,461 ERROR error_logger Ran out of input main
2023-02-08 05:19:26,461 ERROR error_logger Ran out of input main
2023-02-08 05:19:37,545 INFO __main__  has successfuly logged in main
2023-02-08 05:19:53,320 INFO __main__  has successfuly withdrew 760 main
2023-02-08 05:20:18,521 ERROR error_logger Insufficient Funds main
2023-02-08 05:21:48,369 ERROR __main__ User not found! main
2023-02-08 05:21:51,536 ERROR error_logger No module named 'user' main
2023-02-08 05:21:51,536 ERROR error_logger No module named 'user' main
2023-02-08 05:21:51,536 ERROR error_logger No module named 'user' main
2023-02-08 05:21:51,537 ERROR error_logger No module named 'user' main
2023-02-08 05:21:51,537 ERROR error_logger No module named 'user' main
2023-02-08 05:21:51,537 ERROR error_logger No module named 'user' main
2023-02-08 05:21:51,538 ERROR error_logger No module named 'user' main
2023-02-08 05:21:51,538 ERROR error_logger No module named 'user' main
2023-02-08 05:21:51,538 ERROR error_logger No module named 'user' main
2023-02-08 05:21:51,539 ERROR error_logger No module named 'user' main
2023-02-08 05:21:51,539 ERROR error_logger No module named 'user' main
2023-02-08 05:21:51,539 ERROR error_logger No module named 'user' main
2023-02-08 05:21:51,539 ERROR error_logger No module named 'user' main
2023-02-08 05:21:51,540 ERROR error_logger No module named 'user' main
2023-02-08 05:21:51,540 ERROR error_logger No module named 'user' main
2023-02-08 05:21:51,540 ERROR error_logger No module named 'user' main
2023-02-08 05:21:51,541 ERROR error_logger No module named 'user' main
2023-02-08 05:21:51,541 ERROR error_logger No module named 'user' main
2023-02-08 05:21:51,541 ERROR error_logger No module named 'user' main
2023-02-08 05:21:51,541 ERROR error_logger No module named 'user' main
2023-02-08 05:21:51,542 ERROR error_logger No module named 'user' main
2023-02-08 05:21:51,542 ERROR error_logger No module named 'user' main
2023-02-08 05:21:51,542 ERROR error_logger No module named 'user' main
2023-02-08 05:21:51,543 ERROR error_logger No module named 'user' main
2023-02-08 05:21:51,543 ERROR error_logger No module named 'admin' main
2023-02-08 05:21:51,543 ERROR error_logger Ran out of input main
2023-02-08 05:21:51,543 ERROR error_logger Ran out of input main
2023-02-08 05:21:51,543 ERROR error_logger Ran out of input main
2023-02-08 05:21:51,544 ERROR error_logger Ran out of input main
2023-02-08 05:21:51,544 ERROR error_logger Ran out of input main
2023-02-08 05:21:51,544 ERROR error_logger Ran out of input main
2023-02-08 05:21:51,544 ERROR error_logger Ran out of input main
2023-02-08 05:21:51,544 ERROR error_logger Ran out of input main
2023-02-08 05:21:51,545 ERROR error_logger Ran out of input main
2023-02-08 05:21:51,545 ERROR error_logger Ran out of input main
2023-02-08 05:21:58,450 INFO __main__  has successfuly logged in main
2023-02-08 05:22:26,830 ERROR error_logger Insufficient Funds main
2023-02-08 05:22:34,470 INFO __main__  has successfuly withdrew 750 main
2023-02-08 05:22:44,517 ERROR error_logger Insufficient Funds main
2023-02-08 05:25:01,995 INFO __main__  has successfuly logged in main
2023-02-08 05:25:06,632 INFO __main__  has successfuly deposited 900 main
2023-02-08 05:25:12,352 INFO __main__  has successfuly deposited 1 main
2023-02-08 05:25:55,870 INFO __main__  has successfuly logged in main
2023-02-08 05:26:00,625 INFO __main__  has successfuly deposited 100 main
2023-02-08 05:26:01,956 INFO __main__  bought <class 'metro.ticket.ChargebleTicket'> main
2023-02-08 05:26:52,196 INFO __main__  has successfuly logged in main
2023-02-08 05:26:56,887 INFO __main__  has successfuly deposited 100 main
2023-02-08 05:26:58,136 INFO __main__  bought <class 'metro.ticket.ChargebleTicket'> main
2023-02-08 05:27:43,725 INFO __main__  has successfuly logged in main
2023-02-08 05:27:58,752 INFO __main__  has successfuly logged in main
2023-02-08 05:28:01,156 INFO __main__  bought DisposableTicket main
2023-02-08 05:29:18,902 INFO __main__  has successfuly logged in main
2023-02-08 05:47:11,601 ERROR __main__ User not found! main
2023-02-08 05:49:45,137 ERROR error_logger Length must be between 8 and 16 main
2023-02-08 05:50:44,916 ERROR error_logger Length must be between 8 and 16 main
2023-02-08 05:51:33,834 ERROR error_logger Length must be between 8 and 16 main
2023-02-08 05:51:43,217 ERROR error_logger Must contain special charachter main
2023-02-08 05:52:00,487 INFO root User instance created: name=sepehr, id=UUID('5e537478-a757-11ed-9727-a41731ccaf53') human
2023-02-08 05:52:16,441 ERROR error_logger <class 'metro.human.KindError'> main
2023-02-08 05:53:16,240 INFO root User instance created: name=sepehr, id=UUID('8b7a6830-a757-11ed-8606-a41731ccaf53') human
2023-02-08 06:08:03,841 INFO root User instance created: name=sepehr, id=UUID('9c87920e-a759-11ed-8f9e-a41731ccaf53') human
2023-02-08 06:08:46,768 ERROR error_logger Length must be between 8 and 16 main
2023-02-08 06:09:03,043 ERROR error_logger Must contain special charachter main
2023-02-08 06:09:11,064 INFO root User instance created: name=sepehr, id=UUID('c498f576-a759-11ed-bc03-a41731ccaf53') human
2023-02-08 06:10:04,703 INFO root User instance created: name=sepehr, id=UUID('e4919e6e-a759-11ed-a36f-a41731ccaf53') human
2023-02-08 06:10:37,346 INFO root User instance created: name=sepehr, id=UUID('f806a494-a759-11ed-a9ad-a41731ccaf53') human
2023-02-08 06:11:02,913 INFO root User instance created: name=sepehr, id=UUID('0743cbc6-a75a-11ed-b561-a41731ccaf53') human
2023-02-08 06:12:09,329 INFO root User instance created: name=sepehr, id=UUID('2eda1c6c-a75a-11ed-94c7-a41731ccaf53') human
2023-02-08 06:12:16,301 ERROR error_logger This username is already taken main
2023-02-08 06:21:20,994 ERROR error_logger Must contain special charachters: ('#', '@', '&', '?', '!', '*', '$') main
2023-02-08 17:55:05,428 ERROR error_logger No module named 'user' main
2023-02-08 17:55:05,451 ERROR error_logger No module named 'user' main
2023-02-08 17:55:05,453 ERROR error_logger No module named 'user' main
2023-02-08 17:55:05,453 ERROR error_logger No module named 'user' main
2023-02-08 17:55:05,454 ERROR error_logger No module named 'admin' main
2023-02-08 17:55:05,455 ERROR error_logger Ran out of input main
2023-02-08 17:55:05,455 ERROR error_logger Ran out of input main
2023-02-08 17:55:12,488 ERROR error_logger No module named 'user' main
2023-02-08 17:55:12,489 ERROR error_logger No module named 'user' main
2023-02-08 17:55:12,489 ERROR error_logger No module named 'user' main
2023-02-08 17:55:12,490 ERROR error_logger No module named 'user' main
2023-02-08 17:55:12,491 ERROR error_logger No module named 'admin' main
2023-02-08 17:55:12,491 ERROR error_logger Ran out of input main
2023-02-08 17:55:12,491 ERROR error_logger Ran out of input main
2023-02-08 17:55:23,615 ERROR error_logger No module named 'user' main
2023-02-08 17:55:23,616 ERROR error_logger No module named 'user' main
2023-02-08 17:55:23,616 ERROR error_logger No module named 'user' main
2023-02-08 17:55:23,616 ERROR error_logger No module named 'user' main
2023-02-08 17:55:23,616 ERROR error_logger No module named 'admin' main
2023-02-08 17:55:23,617 ERROR error_logger Ran out of input main
2023-02-08 17:55:23,617 ERROR error_logger Ran out of input main
2023-02-08 17:55:52,182 ERROR __main__ User not found! main
2023-02-08 17:56:14,115 INFO __main__ sepehr has successfuly logged in main
2023-02-08 17:56:31,354 INFO __main__ sepehr has successfuly deposited 1000 main
2023-02-08 17:57:22,914 ERROR __main__ User not found! main
2023-02-08 17:57:32,537 INFO __main__ sepehr has successfuly logged in main
2023-02-08 17:57:36,453 INFO __main__ sepehr has successfuly deposited 1000 main
2023-02-08 17:57:40,155 INFO root bdfd8ad4-a7bc-11ed-9016-a41731ccaf53 ticket created ticket
2023-02-08 17:57:40,156 INFO __main__ sepehr bought ChargebleTicket main
2023-02-08 18:19:48,254 INFO __main__ sepehr has successfuly deposited 100 main
2023-02-08 18:19:49,743 INFO root d67ca650-a7bf-11ed-9016-a41731ccaf53 ticket created ticket
2023-02-08 18:19:49,744 INFO __main__ sepehr bought ChargebleTicket main
2023-02-08 18:20:55,444 INFO root fda5b46a-a7bf-11ed-9016-a41731ccaf53 ticket created ticket
2023-02-08 18:20:55,445 INFO __main__ sepehr bought DisposableTicket main
2023-02-08 18:25:04,211 ERROR error_logger Length must be between 4 and 8 main
2023-02-08 18:25:16,948 ERROR __main__ User not found! main
2023-02-08 18:25:30,971 INFO __main__ sepehr has successfuly logged in main
2023-02-08 18:25:35,803 INFO __main__ sepehr has successfuly deposited 1000 main
2023-02-08 18:25:38,010 INFO ticket_logger a611e01a-a7c0-11ed-bd1c-a41731ccaf53 ticket created ticket
2023-02-08 18:25:38,011 INFO __main__ sepehr bought ChargebleTicket main
2023-02-08 18:27:25,335 INFO __main__ sepehr has successfuly logged in main
2023-02-08 18:27:32,205 INFO __main__ sepehr has successfuly deposited 100 main
2023-02-08 18:27:35,423 INFO __main__ sepehr bought ExpirableTicket main
2023-02-08 18:28:06,134 INFO __main__ sepehr has successfuly logged in main
2023-02-08 18:28:13,142 ERROR error_logger Insufficient Funds main
2023-02-08 18:28:35,453 INFO __main__ sepehr has successfuly deposited 100 main
2023-02-08 18:28:39,199 INFO ticket_logger ticket created ticket
2023-02-08 18:28:39,199 INFO __main__ sepehr bought ChargebleTicket main
2023-02-08 18:52:05,460 ERROR error_logger Length must be between 8 and 16 main
2023-02-08 18:59:22,533 ERROR __main__ User not found! main
2023-02-08 19:00:17,971 ERROR __main__ User not found! main
2023-02-08 20:12:30,676 ERROR error_logger Password length must be between 8 and 16 main
2023-02-08 20:12:37,924 INFO root User instance created: name=sepehr, id=UUID('98a2fe96-a7cf-11ed-9099-a41731ccaf53') human
2023-02-08 20:21:17,427 INFO root User instance created: name=sepher, id=UUID('ce48e2da-a7d0-11ed-a8f0-a41731ccaf53') human
2023-02-08 20:21:27,451 INFO root User instance created: name=sepehr, id=UUID('d442653a-a7d0-11ed-a8f0-a41731ccaf53') human
2023-02-08 20:21:55,653 INFO root User instance created: name=sepehr, id=UUID('e511b4d8-a7d0-11ed-a554-a41731ccaf53') human
2023-02-08 20:22:02,773 ERROR error_logger This username is already taken main
2023-02-08 20:22:15,239 INFO root User instance created: name=sepehr, id=UUID('f0be57a0-a7d0-11ed-93d0-a41731ccaf53') human
2023-02-08 20:37:37,067 INFO root User instance created: name=sepehr, id=UUID('16320296-a7d3-11ed-a823-a41731ccaf53') human
2023-02-08 20:37:52,908 ERROR error_logger This username is already taken main
2023-02-08 20:38:08,368 INFO root User instance created: name=milad, id=UUID('28da2a90-a7d3-11ed-a823-a41731ccaf53') human
2023-02-08 20:38:20,236 ERROR error_logger This username is already taken main
2023-02-08 20:38:56,723 INFO root User instance created: name=milad, id=UUID('45ac96b2-a7d3-11ed-97a3-a41731ccaf53') human
2023-02-08 20:44:29,464 ERROR error_logger Password length must be between 8 and 16 main
2023-02-08 20:44:41,005 INFO root User instance created: name=sepehr, id=UUID('12e1ebc8-a7d4-11ed-bfe0-a41731ccaf53') human
2023-02-08 20:45:09,888 INFO root User instance created: name=sepehr, id=UUID('24190868-a7d4-11ed-81de-a41731ccaf53') human
2023-02-08 20:46:49,181 INFO root User instance created: name=sepehr, id=UUID('5f47ea8a-a7d4-11ed-8f40-a41731ccaf53') human
2023-02-08 20:47:33,902 INFO root User instance created: name=sepehr, id=UUID('79efcc18-a7d4-11ed-89b0-a41731ccaf53') human
2023-02-08 20:47:39,396 ERROR error_logger This username is already taken main
2023-02-08 20:47:48,874 ERROR error_logger Password length must be between 8 and 16 main
2023-02-08 20:47:57,397 INFO root User instance created: name=milad, id=UUID('87f0d708-a7d4-11ed-89b0-a41731ccaf53') human
2023-02-08 20:48:06,685 ERROR error_logger This username is already taken main
2023-02-08 20:48:17,129 INFO root User instance created: name=sepehr, id=UUID('93b3c924-a7d4-11ed-b38a-a41731ccaf53') human
2023-02-08 20:49:25,043 INFO root User instance created: name=sepehr, id=UUID('bc2e9294-a7d4-11ed-b7ef-a41731ccaf53') human
2023-02-08 20:52:33,888 INFO root User instance created: name=sepehr, id=UUID('2cbe182c-a7d5-11ed-823e-a41731ccaf53') human
2023-02-08 20:52:41,639 INFO root User instance created: name=sepher, id=UUID('315cdc1a-a7d5-11ed-823e-a41731ccaf53') human
2023-02-08 20:54:05,571 INFO root User instance created: name=sepehr, id=UUID('6363d70e-a7d5-11ed-be67-a41731ccaf53') human
2023-02-08 20:54:35,687 ERROR error_logger This username is already taken main
2023-02-08 20:58:37,051 INFO root User instance created: name=spehr, id=UUID('053472fa-a7d6-11ed-8397-a41731ccaf53') human
2023-02-08 20:58:45,720 INFO root User instance created: name=sepehr, id=UUID('0a5f3558-a7d6-11ed-8397-a41731ccaf53') human
2023-02-08 21:01:47,704 INFO root User instance created: name=sepehr, id=UUID('76d7bd0e-a7d6-11ed-abd4-a41731ccaf53') human
2023-02-08 21:01:54,951 ERROR error_logger This username is already taken main
2023-02-08 21:02:06,253 INFO root User instance created: name=milad, id=UUID('81e61c86-a7d6-11ed-abd4-a41731ccaf53') human
2023-02-08 21:02:33,329 INFO root User instance created: name=sepehr, id=UUID('92098260-a7d6-11ed-b277-a41731ccaf53') human
2023-02-08 21:03:08,954 INFO root User instance created: name=milad, id=UUID('a745768e-a7d6-11ed-b277-a41731ccaf53') human
2023-02-08 21:03:51,186 INFO root User instance created: name=sepehr, id=UUID('c071ae34-a7d6-11ed-834a-a41731ccaf53') human
2023-02-08 21:03:58,819 ERROR error_logger This username is already taken main
2023-02-08 21:04:12,440 INFO root User instance created: name=milad, id=UUID('cd1caca6-a7d6-11ed-834a-a41731ccaf53') human
2023-02-08 21:04:21,918 ERROR error_logger This username is already taken main
2023-02-08 21:05:43,938 ERROR error_logger This username is already taken main
2023-02-08 21:05:49,713 ERROR error_logger This username is already taken main
2023-02-08 21:06:41,023 INFO root User instance created: name=sepehr, id=UUID('25aca2c2-a7d7-11ed-8693-a41731ccaf53') human
2023-02-08 21:07:18,519 ERROR error_logger Password length must be between 8 and 16 main
2023-02-08 21:07:32,856 INFO root User instance created: name=dsfs23, id=UUID('4491d3a6-a7d7-11ed-8693-a41731ccaf53') human
2023-02-08 21:07:42,606 ERROR error_logger Password length must be between 8 and 16 main
2023-02-08 21:07:50,585 INFO root User instance created: name=ewewe3, id=UUID('4f22f35e-a7d7-11ed-8693-a41731ccaf53') human
2023-02-08 22:03:12,823 INFO root User instance created: name=sepehr, id=UUID('0b584036-a7df-11ed-beb7-a41731ccaf53') human
2023-02-08 22:03:25,022 ERROR error_logger Must contain special charachters: ('#', '@', '&', '?', '!', '*', '$') main
2023-02-08 22:03:32,429 INFO root User instance created: name=sepehr, id=UUID('1707e21a-a7df-11ed-beb7-a41731ccaf53') human
2023-02-08 22:35:27,623 INFO root User instance created: name=sepehr, id=UUID('8c934750-a7e3-11ed-8e8b-a41731ccaf53') human
2023-02-08 22:35:34,828 INFO root User instance created: name=sepehr, id=UUID('90deb182-a7e3-11ed-8e8b-a41731ccaf53') human
2023-02-08 22:43:24,923 ERROR error_logger Must contain special charachters: ('#', '@', '&', '?', '!', '*', '$') main
2023-02-08 22:44:42,080 ERROR error_logger Password length must be between 8 and 16 main
2023-02-08 22:47:44,781 ERROR __main__ User not found! main
2023-02-08 22:49:37,448 ERROR error_logger Password length must be between 8 and 16 main
2023-02-08 22:55:07,704 INFO root User instance created: name=sepehr, id=UUID('4bf56040-a7e6-11ed-8358-a41731ccaf53') human
2023-02-08 23:01:20,119 ERROR error_logger Duplicate Username main
2023-02-08 23:01:29,038 ERROR error_logger Duplicate Username main
2023-02-08 23:01:35,695 ERROR error_logger Duplicate Username main
2023-02-08 23:11:36,087 ERROR error_logger Duplicate Username main
2023-02-08 23:11:46,088 ERROR error_logger Duplicate Username main
2023-02-08 23:11:49,112 ERROR error_logger Duplicate Username main
2023-02-08 23:11:59,994 ERROR error_logger Password length must be between 8 and 16 main
