User not found!
sepehr has successfuly logged in
sepehr has successfuly deposited 1000
User not found!
sepehr has successfuly logged in
sepehr has successfuly deposited 1000
sepehr bought ChargebleTicket
sepehr has successfuly deposited 100
sepehr bought ChargebleTicket
sepehr bought DisposableTicket
User not found!
sepehr has successfuly logged in
sepehr has successfuly deposited 1000
2023-02-08 18:25:38,010 - a611e01a-a7c0-11ed-bd1c-a41731ccaf53 ticket created ticket_logger a611e01a-a7c0-11ed-bd1c-a41731ccaf53 ticket created ticket
sepehr bought ChargebleTicket
sepehr has successfuly logged in
sepehr has successfuly deposited 100
sepehr bought ExpirableTicket
sepehr has successfuly logged in
sepehr has successfuly deposited 100
2023-02-08 18:28:39,199 - ticket created ticket_logger ticket created ticket
sepehr bought ChargebleTicket
