 
02/05/2023 08:45:44 PM User instance created: name=akbar, age=90, gender=male
02/05/2023 08:48:33 PM User instance created: name=mamad, id=40127435909033960111363306990689103699
02/05/2023 08:49:57 PM User instance created: name=lili, id=106346443473320363155524079655488106323
05/02/2023 08:52:28 PM User instance created: name=mary, id=226081150504513924747964489445262798675
05/02/2023 08:53:07 PM User instance created: name=, id=UUID('c1c96db2-a579-11ed-b57b-a41731ccaf53')
05/02/2023 08:58:42 PM User instance created: name=laleh, id=UUID('88f6f1a2-a57a-11ed-b57b-a41731ccaf53')
06/02/2023 02:41:09 PM User instance created: name=soehr, id=UUID('f528a584-a60e-11ed-916d-a41731ccaf53')
06/02/2023 02:41:56 PM User instance created: name=sepehr, id=UUID('116702c2-a60f-11ed-916d-a41731ccaf53')
06/02/2023 04:51:14 PM User instance created: name=sepehr, id=UUID('215d47b0-a621-11ed-a6c0-a41731ccaf53')
06/02/2023 09:02:00 PM User instance created: name=v, id=UUID('297b095a-a644-11ed-8758-a41731ccaf53')
06/02/2023 09:02:16 PM User instance created: name=pasha, id=UUID('33465ba6-a644-11ed-8758-a41731ccaf53')
06/02/2023 09:02:29 PM User instance created: name=kala, id=UUID('3b218666-a644-11ed-8758-a41731ccaf53')
06/02/2023 09:05:19 PM User instance created: name=sepehr, id=UUID('a05e1b34-a644-11ed-8353-a41731ccaf53')
06/02/2023 09:33:50 PM User instance created: name=sia, id=UUID('9c0d7d5a-a648-11ed-bc9b-a41731ccaf53')
06/02/2023 09:37:22 PM User instance created: name=lala, id=UUID('1a8a39fc-a649-11ed-83e9-a41731ccaf53')
07/02/2023 05:44:43 PM User instance created: name=test_user, id=UUID('c4cc88fe-a6f1-11ed-ad93-a41731ccaf53')
07/02/2023 05:44:43 PM User instance created: name=test_user, id=UUID('c4cebb2e-a6f1-11ed-ad93-a41731ccaf53')
07/02/2023 05:44:43 PM User instance created: name=test_user, id=UUID('c4ced136-a6f1-11ed-ad93-a41731ccaf53')
07/02/2023 05:47:05 PM User instance created: name=sepehr, id=UUID('19678a26-a6f2-11ed-a089-a41731ccaf53')
07/02/2023 05:48:33 PM User instance created: name=test_user, id=UUID('4dbfd80a-a6f2-11ed-bc65-a41731ccaf53')
07/02/2023 05:48:33 PM User instance created: name=test_user, id=UUID('4dc0030c-a6f2-11ed-bc65-a41731ccaf53')
07/02/2023 05:48:33 PM User instance created: name=test_user, id=UUID('4dc015cc-a6f2-11ed-bc65-a41731ccaf53')
07/02/2023 05:53:08 PM User instance created: name=test_user, id=UUID('f1854646-a6f2-11ed-89db-a41731ccaf53')
07/02/2023 05:53:08 PM User instance created: name=test_user, id=UUID('f186d36c-a6f2-11ed-89db-a41731ccaf53')
07/02/2023 05:54:03 PM User instance created: name=test_user, id=UUID('12a2e518-a6f3-11ed-8e62-a41731ccaf53')
07/02/2023 05:54:03 PM User instance created: name=test_user, id=UUID('12a4ce1e-a6f3-11ed-8e62-a41731ccaf53')
07/02/2023 05:54:03 PM User instance created: name=test_user, id=UUID('12a4e49e-a6f3-11ed-8e62-a41731ccaf53')
07/02/2023 05:54:03 PM User instance created: name=test_user, id=UUID('12a4f2e0-a6f3-11ed-8e62-a41731ccaf53')
07/02/2023 05:54:56 PM User instance created: name=test_user, id=UUID('31f22438-a6f3-11ed-bb5d-a41731ccaf53')
07/02/2023 05:54:56 PM User instance created: name=test_user, id=UUID('31f26dc6-a6f3-11ed-bb5d-a41731ccaf53')
07/02/2023 05:54:56 PM User instance created: name=test_user, id=UUID('31f2854a-a6f3-11ed-bb5d-a41731ccaf53')
07/02/2023 05:54:56 PM User instance created: name=test_user, id=UUID('31f297a6-a6f3-11ed-bb5d-a41731ccaf53')
07/02/2023 05:56:30 PM User instance created: name=TestUser, id=UUID('6a4543f6-a6f3-11ed-a4db-a41731ccaf53')
07/02/2023 05:56:30 PM User instance created: name=TestUser, id=UUID('6a4577cc-a6f3-11ed-a4db-a41731ccaf53')
07/02/2023 05:56:30 PM User instance created: name=TestAdmin, id=UUID('6a46b588-a6f3-11ed-a4db-a41731ccaf53')
07/02/2023 05:56:30 PM User instance created: name=TestUser, id=UUID('6a46d202-a6f3-11ed-a4db-a41731ccaf53')
07/02/2023 05:56:30 PM User instance created: name=TestUser, id=UUID('6a47146a-a6f3-11ed-a4db-a41731ccaf53')
07/02/2023 05:57:15 PM User instance created: name=TestUser, id=UUID('851a5180-a6f3-11ed-b9ba-a41731ccaf53')
07/02/2023 05:57:15 PM User instance created: name=TestUser, id=UUID('851a77fa-a6f3-11ed-b9ba-a41731ccaf53')
07/02/2023 05:57:15 PM User instance created: name=TestAdmin, id=UUID('851ebda6-a6f3-11ed-b9ba-a41731ccaf53')
07/02/2023 05:57:15 PM User instance created: name=TestUser, id=UUID('851ed14c-a6f3-11ed-b9ba-a41731ccaf53')
07/02/2023 05:57:15 PM User instance created: name=TestUser, id=UUID('851f027a-a6f3-11ed-b9ba-a41731ccaf53')
07/02/2023 05:57:34 PM User instance created: name=TestUser, id=UUID('8ff96e38-a6f3-11ed-b335-a41731ccaf53')
07/02/2023 05:57:34 PM User instance created: name=TestUser, id=UUID('8ff99bb0-a6f3-11ed-b335-a41731ccaf53')
07/02/2023 05:57:34 PM User instance created: name=TestAdmin, id=UUID('8ff9bc76-a6f3-11ed-b335-a41731ccaf53')
07/02/2023 05:57:34 PM User instance created: name=TestUser, id=UUID('8ff9cc7a-a6f3-11ed-b335-a41731ccaf53')
07/02/2023 05:57:34 PM User instance created: name=TestUser, id=UUID('8ffa11a8-a6f3-11ed-b335-a41731ccaf53')
07/02/2023 07:13:49 PM User instance created: name=kaka, id=UUID('36fbcdb6-a6fe-11ed-a7c4-a41731ccaf53')
07/02/2023 07:44:11 PM User instance created: name=sepehr, id=UUID('74dafa90-a702-11ed-a54a-a41731ccaf53')
07/02/2023 07:50:04 PM User instance created: name=sepehr, id=UUID('47cbfc4c-a703-11ed-8a4d-a41731ccaf53')
07/02/2023 07:54:00 PM User instance created: name=531a6a02-a703-11ed-8a4d-a41731ccaf53, id=UUID('d4189b06-a703-11ed-a170-a41731ccaf53')
07/02/2023 07:58:33 PM User instance created: name=sepehr, id=UUID('7729ddfa-a704-11ed-b15d-a41731ccaf53')
07/02/2023 08:06:56 PM User instance created: name=mamad, id=UUID('a292b59c-a705-11ed-be22-a41731ccaf53')
07/02/2023 08:12:51 PM User instance created: name=sepehr, id=UUID('761a249a-a706-11ed-bcf1-a41731ccaf53')
07/02/2023 08:14:41 PM User instance created: name=isi, id=UUID('b80db006-a706-11ed-b113-a41731ccaf53')
07/02/2023 08:29:35 PM User instance created: name=, id=UUID('ccff6b74-a708-11ed-b5e4-a41731ccaf53')
07/02/2023 08:31:10 PM User instance created: name=sepehr, id=UUID('052d41b0-a709-11ed-8c7d-a41731ccaf53')
07/02/2023 09:30:57 PM User instance created: name=admin, id=UUID('5f7bd20a-a711-11ed-8e99-a41731ccaf53')
07/02/2023 09:31:53 PM User instance created: name=admin, id=UUID('808912b4-a711-11ed-8e8b-a41731ccaf53')
07/02/2023 09:32:02 PM User instance created: name=admin, id=UUID('866137ac-a711-11ed-ae49-a41731ccaf53')
07/02/2023 09:32:28 PM User instance created: name=admin, id=UUID('95b3fa0a-a711-11ed-8053-a41731ccaf53')
07/02/2023 09:32:45 PM User instance created: name=admin, id=UUID('9fc823cc-a711-11ed-aa11-a41731ccaf53')
07/02/2023 09:32:53 PM User instance created: name=admin, id=UUID('a4820202-a711-11ed-b1cc-a41731ccaf53')
